Build started 7/11/2021 11:35:13 PM.
     1>Project "C:\Users\user pc\documents\visual studio 2010\Projects\practice\practice\practice.vcxproj" on node 2 (build target(s)).
     1>InitializeBuildStatus:
         Creating "Debug\practice.unsuccessfulbuild" because "AlwaysCreate" was specified.
       ClCompile:
         C:\Program Files (x86)\Microsoft Visual Studio 10.0\VC\bin\CL.exe /c /ZI /nologo /W3 /WX- /Od /Oy- /D WIN32 /D _DEBUG /D _CONSOLE /D _UNICODE /D UNICODE /Gm /EHsc /RTC1 /MDd /GS /fp:precise /Zc:wchar_t /Zc:forScope /Fo"Debug\\" /Fd"Debug\vc100.pdb" /Gd /TP /analyze- /errorReport:prompt cgpa_calculator.cpp
         cgpa_calculator.cpp
     1>c:\users\user pc\documents\visual studio 2010\projects\practice\practice\cgpa_calculator.cpp(90): warning C4244: 'initializing' : conversion from 'double' to 'float', possible loss of data
       ManifestResourceCompile:
         All outputs are up-to-date.
       Link:
         C:\Program Files (x86)\Microsoft Visual Studio 10.0\VC\bin\link.exe /ERRORREPORT:PROMPT /OUT:"C:\Users\user pc\documents\visual studio 2010\Projects\practice\Debug\practice.exe" /INCREMENTAL /NOLOGO kernel32.lib user32.lib gdi32.lib winspool.lib comdlg32.lib advapi32.lib shell32.lib ole32.lib oleaut32.lib uuid.lib odbc32.lib odbccp32.lib /MANIFEST /ManifestFile:"Debug\practice.exe.intermediate.manifest" /MANIFESTUAC:"level='asInvoker' uiAccess='false'" /DEBUG /PDB:"C:\Users\user pc\documents\visual studio 2010\Projects\practice\Debug\practice.pdb" /SUBSYSTEM:CONSOLE /TLBID:1 /DYNAMICBASE /NXCOMPAT /IMPLIB:"C:\Users\user pc\documents\visual studio 2010\Projects\practice\Debug\practice.lib" /MACHINE:X86 Debug\practice.exe.embed.manifest.res
         Debug\cgpa_calculator.obj
       Manifest:
         C:\Program Files (x86)\Microsoft SDKs\Windows\v7.0A\bin\mt.exe /nologo /verbose /out:"Debug\practice.exe.embed.manifest" /manifest Debug\practice.exe.intermediate.manifest
         All outputs are up-to-date.
       LinkEmbedManifest:
         All outputs are up-to-date.
         practice.vcxproj -> C:\Users\user pc\documents\visual studio 2010\Projects\practice\Debug\practice.exe
       FinalizeBuildStatus:
         Deleting file "Debug\practice.unsuccessfulbuild".
         Touching "Debug\practice.lastbuildstate".
     1>Done Building Project "C:\Users\user pc\documents\visual studio 2010\Projects\practice\practice\practice.vcxproj" (build target(s)).

Build succeeded.

Time Elapsed 00:00:01.87
